c:\users\pc\desktop\ct\cpp_sql\20_하반기코테대비\20_하반기코테대비\debug\vc140.pdb
c:\users\pc\desktop\ct\cpp_sql\20_하반기코테대비\20_하반기코테대비\debug\vc140.idb
c:\users\pc\desktop\ct\cpp_sql\20_하반기코테대비\20_하반기코테대비\debug\백준_nn_로봇.obj
c:\users\pc\desktop\ct\cpp_sql\20_하반기코테대비\20_하반기코테대비\debug\백준_nn로봇청소기.obj
c:\users\pc\desktop\ct\cpp_sql\20_하반기코테대비\20_하반기코테대비\debug\프로그래머스_단체사진찍기.obj
c:\users\pc\desktop\ct\cpp_sql\20_하반기코테대비\20_하반기코테대비\debug\백준_16234_인구이동2.obj
c:\users\pc\desktop\ct\cpp_sql\20_하반기코테대비\20_하반기코테대비\debug\백준_14890_경사로.obj
c:\users\pc\desktop\ct\cpp_sql\20_하반기코테대비\20_하반기코테대비\debug\1920_수찾기.obj
c:\users\pc\desktop\ct\cpp_sql\20_하반기코테대비\20_하반기코테대비\debug\백준_12851_숨바꼭질.obj
c:\users\pc\desktop\ct\cpp_sql\20_하반기코테대비\20_하반기코테대비\debug\백준_13459_구슬탈출sol.obj
c:\users\pc\desktop\ct\cpp_sql\20_하반기코테대비\20_하반기코테대비\debug\백준_13913_숨바꼭질4.obj
c:\users\pc\desktop\ct\cpp_sql\20_하반기코테대비\20_하반기코테대비\debug\백준_14502_연구소.obj
c:\users\pc\desktop\ct\cpp_sql\20_하반기코테대비\20_하반기코테대비\debug\백준_17140_이차원배열과연산22.obj
c:\users\pc\desktop\ct\cpp_sql\20_하반기코테대비\20_하반기코테대비\debug\백준_1780_종이의 갯수.obj
c:\users\pc\desktop\ct\cpp_sql\20_하반기코테대비\20_하반기코테대비\debug\백준_2110_숫자판점프.obj
c:\users\pc\desktop\ct\cpp_sql\20_하반기코테대비\20_하반기코테대비\debug\백준_2468_안전영역__.obj
c:\users\pc\desktop\ct\cpp_sql\20_하반기코테대비\20_하반기코테대비\debug\백준_3055_탈출.obj
c:\users\pc\desktop\ct\cpp_sql\20_하반기코테대비\20_하반기코테대비\debug\백준_3055_탈출_민석sol.obj
c:\users\pc\desktop\ct\cpp_sql\20_하반기코테대비\20_하반기코테대비\debug\백준_6593_상범빌딩_bfs.obj
c:\users\pc\desktop\ct\cpp_sql\20_하반기코테대비\20_하반기코테대비\debug\백준_7576_토마토.obj
c:\users\pc\desktop\ct\cpp_sql\20_하반기코테대비\20_하반기코테대비\debug\프로그래머스_단체사진찍기_.obj
c:\users\pc\desktop\ct\cpp_sql\20_하반기코테대비\20_하반기코테대비\debug\프로그래머스_여행경로.obj
c:\users\pc\desktop\ct\cpp_sql\20_하반기코테대비\20_하반기코테대비\debug\프로그래머스_여행경로_sol.obj
c:\users\pc\desktop\ct\cpp_sql\20_하반기코테대비\debug\20_하반기코테대비.pdb
c:\users\pc\desktop\ct\cpp_sql\20_하반기코테대비\20_하반기코테대비\debug\20_하반기코테대비.tlog\cl.command.1.tlog
c:\users\pc\desktop\ct\cpp_sql\20_하반기코테대비\20_하반기코테대비\debug\20_하반기코테대비.tlog\cl.read.1.tlog
c:\users\pc\desktop\ct\cpp_sql\20_하반기코테대비\20_하반기코테대비\debug\20_하반기코테대비.tlog\cl.write.1.tlog
c:\users\pc\desktop\ct\cpp_sql\20_하반기코테대비\20_하반기코테대비\debug\20_하반기코테대비.tlog\link.command.1.tlog
c:\users\pc\desktop\ct\cpp_sql\20_하반기코테대비\20_하반기코테대비\debug\20_하반기코테대비.tlog\link.read.1.tlog
c:\users\pc\desktop\ct\cpp_sql\20_하반기코테대비\20_하반기코테대비\debug\20_하반기코테대비.tlog\link.write.1.tlog
